#
# There is insufficient memory for the Java Runtime Environment to continue.
# Native memory allocation (malloc) failed to allocate 1048576 bytes for AllocateHeap
# Possible reasons:
#   The system is out of physical RAM or swap space
#   In 32 bit mode, the process size limit was hit
# Possible solutions:
#   Reduce memory load on the system
#   Increase physical memory or swap space
#   Check if swap backing store is full
#   Use 64 bit Java on a 64 bit OS
#   Decrease Java heap size (-Xmx/-Xms)
#   Decrease number of Java threads
#   Decrease Java thread stack sizes (-Xss)
#   Set larger code cache with -XX:ReservedCodeCacheSize=
# This output file may be truncated or incomplete.
#
#  Out of Memory Error (memory/allocation.inline.hpp:61), pid=6184, tid=0x0000000000000e1c
#
# JRE version:  (8.0_144-b01) (build )
# Java VM: Java HotSpot(TM) 64-Bit Server VM (25.144-b01 mixed mode windows-amd64 compressed oops)
# Failed to write core dump. Minidumps are not enabled by default on client versions of Windows
#

---------------  T H R E A D  ---------------

Current thread (0x0000000002a92800):  JavaThread "Unknown thread" [_thread_in_vm, id=3612, stack(0x0000000002660000,0x0000000002760000)]

Stack: [0x0000000002660000,0x0000000002760000]
[error occurred during error reporting (printing stack bounds), id 0xc0000005]

Native frames: (J=compiled Java code, j=interpreted, Vv=VM code, C=native code)


---------------  P R O C E S S  ---------------

Java Threads: ( => current thread )

Other Threads:

=>0x0000000002a92800 (exited) JavaThread "Unknown thread" [_thread_in_vm, id=3612, stack(0x0000000002660000,0x0000000002760000)]

VM state:not at safepoint (normal execution)

VM Mutex/Monitor currently owned by a thread: None

Heap:
 PSYoungGen      total 18944K, used 327K [0x00000000eb380000, 0x00000000ec880000, 0x0000000100000000)
  eden space 16384K, 2% used [0x00000000eb380000,0x00000000eb3d1ec8,0x00000000ec380000)
  from space 2560K, 0% used [0x00000000ec600000,0x00000000ec600000,0x00000000ec880000)
  to   space 2560K, 0% used [0x00000000ec380000,0x00000000ec380000,0x00000000ec600000)
 ParOldGen       total 44032K, used 0K [0x00000000c1a00000, 0x00000000c4500000, 0x00000000eb380000)
  object space 44032K, 0% used [0x00000000c1a00000,0x00000000c1a00000,0x00000000c4500000)
 Metaspace       used 770K, capacity 4480K, committed 4480K, reserved 1056768K
  class space    used 75K, capacity 384K, committed 384K, reserved 1048576K

Card table byte_map: [0x0000000011f50000,0x0000000012150000] byte_map_base: 0x0000000011943000

Marking Bits: (ParMarkBitMap*) 0x0000000054e0d850
 Begin Bits: [0x00000000126a0000, 0x0000000013638000)
 End Bits:   [0x0000000013638000, 0x00000000145d0000)

Polling page: 0x0000000002600000

CodeCache: size=245760Kb used=328Kb max_used=328Kb free=245431Kb
 bounds [0x0000000002b90000, 0x0000000002e00000, 0x0000000011b90000]
 total_blobs=58 nmethods=0 adapters=38
 compilation: enabled

Compilation events (0 events):
No events

GC Heap History (0 events):
No events

Deoptimization events (0 events):
No events

Internal exceptions (0 events):
No events

Events (10 events):
Event: 0.045 loading class java/lang/Short
Event: 0.045 loading class java/lang/Short done
Event: 0.045 loading class java/lang/Integer
Event: 0.045 loading class java/lang/Integer done
Event: 0.045 loading class java/lang/Long
Event: 0.045 loading class java/lang/Long done
Event: 0.046 loading class java/lang/NullPointerException
Event: 0.046 loading class java/lang/NullPointerException done
Event: 0.046 loading class java/lang/ArithmeticException
Event: 0.046 loading class java/lang/ArithmeticException done


Dynamic libraries:
0x00007ff67f140000 - 0x00007ff67f177000 	C:\Program Files\Java\jdk1.8.0_144\bin\javaw.exe
0x00007ff80d8f0000 - 0x00007ff80da9d000 	C:\Windows\SYSTEM32\ntdll.dll
0x00007ff80d1c0000 - 0x00007ff80d2fe000 	C:\Windows\system32\KERNEL32.DLL
0x00007ff80aba0000 - 0x00007ff80acb5000 	C:\Windows\system32\KERNELBASE.dll
0x00007ff809430000 - 0x00007ff8094be000 	C:\Windows\system32\apphelp.dll
0x00007ffff4b50000 - 0x00007ffff4ba3000 	C:\Windows\AppPatch\AppPatch64\AcGenral.DLL
0x00007ff80b6f0000 - 0x00007ff80b79a000 	C:\Windows\system32\msvcrt.dll
0x00007ff80aea0000 - 0x00007ff80aece000 	C:\Windows\system32\SspiCli.dll
0x00007ff80b690000 - 0x00007ff80b6e4000 	C:\Windows\system32\SHLWAPI.dll
0x00007ff80af80000 - 0x00007ff80b0f7000 	C:\Windows\system32\USER32.dll
0x00007ff80b100000 - 0x00007ff80b294000 	C:\Windows\system32\ole32.dll
0x00007ff80b7a0000 - 0x00007ff80ccc8000 	C:\Windows\system32\SHELL32.dll
0x00007ff809e30000 - 0x00007ff809e51000 	C:\Windows\SYSTEM32\USERENV.dll
0x00007ff80d300000 - 0x00007ff80d3aa000 	C:\Windows\system32\ADVAPI32.dll
0x00007ff8013e0000 - 0x00007ff8013fe000 	C:\Windows\SYSTEM32\MPR.dll
0x00007ff80b2b0000 - 0x00007ff80b3f0000 	C:\Windows\system32\RPCRT4.dll
0x00007ff80d530000 - 0x00007ff80d589000 	C:\Windows\SYSTEM32\sechost.dll
0x00007ff80d590000 - 0x00007ff80d7a1000 	C:\Windows\SYSTEM32\combase.dll
0x00007ff80d070000 - 0x00007ff80d1bf000 	C:\Windows\system32\GDI32.dll
0x00007ff80aa20000 - 0x00007ff80aa35000 	C:\Windows\SYSTEM32\profapi.dll
0x00007ff808df0000 - 0x00007ff808ea2000 	C:\Windows\SYSTEM32\SHCORE.dll
0x00007ff80b5d0000 - 0x00007ff80b606000 	C:\Windows\system32\IMM32.DLL
0x00007ff80b460000 - 0x00007ff80b5b2000 	C:\Windows\system32\MSCTF.dll
0x00007ff80a990000 - 0x00007ff80a9bb000 	E:\software\MacType\MacType64.dll
0x00007ff80a880000 - 0x00007ff80a8cf000 	E:\software\MacType\Easyhk64.dll
0x00007ff80a780000 - 0x00007ff80a87e000 	E:\software\MacType\MacType64.Core.dll
0x00007ff808920000 - 0x00007ff808b9b000 	C:\Windows\WinSxS\amd64_microsoft.windows.common-controls_6595b64144ccf1df_6.0.9600.18006_none_623f33d3ecbe86e8\COMCTL32.dll
0x0000000054440000 - 0x0000000054512000 	C:\Program Files\Java\jdk1.8.0_144\jre\bin\msvcr100.dll
0x00000000545f0000 - 0x0000000054e8d000 	C:\Program Files\Java\jdk1.8.0_144\jre\bin\server\jvm.dll
0x00007ffffe240000 - 0x00007ffffe249000 	C:\Windows\SYSTEM32\WSOCK32.dll
0x00007ff8072e0000 - 0x00007ff807302000 	C:\Windows\SYSTEM32\WINMM.dll
0x00007ff807580000 - 0x00007ff80758a000 	C:\Windows\SYSTEM32\VERSION.dll
0x00007ff80b2a0000 - 0x00007ff80b2a7000 	C:\Windows\system32\PSAPI.DLL
0x00007ff80b610000 - 0x00007ff80b66a000 	C:\Windows\system32\WS2_32.dll
0x00007ff8036f0000 - 0x00007ff80371a000 	C:\Windows\SYSTEM32\WINMMBASE.dll
0x00007ff80d7b0000 - 0x00007ff80d7b9000 	C:\Windows\system32\NSI.dll
0x00007ff80aaf0000 - 0x00007ff80ab3f000 	C:\Windows\SYSTEM32\cfgmgr32.dll
0x00007ff8096a0000 - 0x00007ff8096c8000 	C:\Windows\SYSTEM32\DEVOBJ.dll
0x00000000545e0000 - 0x00000000545ef000 	C:\Program Files\Java\jdk1.8.0_144\jre\bin\verify.dll
0x00000000545b0000 - 0x00000000545d9000 	C:\Program Files\Java\jdk1.8.0_144\jre\bin\java.dll
0x0000000054590000 - 0x00000000545a6000 	C:\Program Files\Java\jdk1.8.0_144\jre\bin\zip.dll

VM Arguments:
jvm_args: -Dfile.encoding=UTF-8 
java_command: Lucene.Lucene
java_class_path (initial): D:\desktop\LAB7\Lab7\build\classes;C:\Program Files\Apache Software Foundation\tomcat7\lib\annotations-api.jar;C:\Program Files\Apache Software Foundation\tomcat7\lib\catalina-ant.jar;C:\Program Files\Apache Software Foundation\tomcat7\lib\catalina-ha.jar;C:\Program Files\Apache Software Foundation\tomcat7\lib\catalina-tribes.jar;C:\Program Files\Apache Software Foundation\tomcat7\lib\catalina.jar;C:\Program Files\Apache Software Foundation\tomcat7\lib\ecj-4.4.2.jar;C:\Program Files\Apache Software Foundation\tomcat7\lib\el-api.jar;C:\Program Files\Apache Software Foundation\tomcat7\lib\jasper-el.jar;C:\Program Files\Apache Software Foundation\tomcat7\lib\jasper.jar;C:\Program Files\Apache Software Foundation\tomcat7\lib\jsp-api.jar;C:\Program Files\Apache Software Foundation\tomcat7\lib\servlet-api.jar;C:\Program Files\Apache Software Foundation\tomcat7\lib\tomcat-api.jar;C:\Program Files\Apache Software Foundation\tomcat7\lib\tomcat-coyote.jar;C:\Program Files\Apache Software Foundation\tomcat7\lib\tomcat-dbcp.jar;C:\Program Files\Apache Software Foundation\tomcat7\lib\tomcat-i18n-es.jar;C:\Program Files\Apache Software Foundation\tomcat7\lib\tomcat-i18n-fr.jar;C:\Program Files\Apache Software Foundation\tomcat7\lib\tomcat-i18n-ja.jar;C:\Program Files\Apache Software Foundation\tomcat7\lib\tomcat-jdbc.jar;C:\Program Files\Apache Software Foundation\tomcat7\lib\tomcat-util.jar;C:\Program Files\Apache Software Foundation\tomcat7\lib\tomcat7-websocket.jar;C:\Program Files\Apache Software Foundation\tomcat7\lib\websocket-api.jar;D:\desktop\LAB7\Lab7\WebContent\WEB-INF\lib\activation.jar;D:\desktop\LAB7\Lab7\WebContent\WEB-INF\lib\asm-3.3.jar;D:\desktop\LAB7\Lab7\WebContent\WEB-INF\lib\asm-commons-3.3.jar;D:\desktop\LAB7\Lab7\WebContent\WEB-INF\lib\asm-tree-3.3.jar;D:\desktop\LAB7\Lab7\WebContent\WEB-INF\lib\commons-fileupload-1.3.2.jar;D:\desktop\LAB7\Lab7\WebContent\WEB-INF\lib\commons-io-2.2.jar;D:\desktop\LAB7\Lab7\WebContent\WEB-INF\li
Launcher Type: SUN_STANDARD

Environment Variables:
JAVA_HOME=C:\Program Files\Java\jdk1.8.0_144
CLASSPATH=.;C:\Program Files\Java\jdk1.8.0_144\lib\dt.jar;C:\Program Files\Java\jdk1.8.0_144\lib\tools.jar; 
PATH=C:/Program Files/Java/jdk1.8.0_144/bin/../jre/bin/server;C:/Program Files/Java/jdk1.8.0_144/bin/../jre/bin;C:/Program Files/Java/jdk1.8.0_144/bin/../jre/lib/amd64;C:\Program Files\NVIDIA GPU Computing Toolkit\CUDA\v9.0\bin;C:\Program Files\NVIDIA GPU Computing Toolkit\CUDA\v9.0\libnvvp;C:\Windows\system32;C:\Windows;C:\Windows\System32\Wbem;C:\Windows\System32\WindowsPowerShell\v1.0\;E:\software\MacType;C:\Program Files\Java\jdk1.8.0_144\bin;C:\Program Files\Java\jdk1.8.0_144\jre\bin;C:\Program Files\MySQL\MySQL Utilities 1.6\;E:\software\Git\cmd;C:\Program Files\Python36;C:\Program Files\Python36\Scripts;C:\Program Files (x86)\NVIDIA Corporation\PhysX\Common;C:\Users\Administrator\AppData\Local\GitHubDesktop\bin;E:\IDE\eclipse;
USERNAME=Administrator
OS=Windows_NT
PROCESSOR_IDENTIFIER=Intel64 Family 6 Model 78 Stepping 3, GenuineIntel



---------------  S Y S T E M  ---------------

OS: Windows 8.1 , 64 bit Build 9600 (6.3.9600.17415)

CPU:total 4 (initial active 4) (2 cores per cpu, 2 threads per core) family 6 model 78 stepping 3, cmov, cx8, fxsr, mmx, sse, sse2, sse3, ssse3, sse4.1, sse4.2, popcnt, avx, avx2, aes, clmul, erms, 3dnowpref, lzcnt, ht, tsc, tscinvbit, bmi1, bmi2, adx

Memory: 4k page, physical 4081568k(517608k free), swap 4081568k(6052k free)

vm_info: Java HotSpot(TM) 64-Bit Server VM (25.144-b01) for windows-amd64 JRE (1.8.0_144-b01), built on Jul 21 2017 21:57:33 by "java_re" with MS VC++ 10.0 (VS2010)

time: Tue Oct 31 20:28:19 2017
elapsed time: 0 seconds (0d 0h 0m 0s)

